ERROR - 2023-09-21 08:06:12 --> mysqli_sql_exception: Column 'StudSection' cannot be null in C:\laragon\www\lab1CRUD\vendor\codeigniter4\framework\system\Database\MySQLi\Connection.php:306
Stack trace:
#0 C:\laragon\www\lab1CRUD\vendor\codeigniter4\framework\system\Database\MySQLi\Connection.php(306): mysqli->query('INSERT INTO `ta...', 0)
#1 C:\laragon\www\lab1CRUD\vendor\codeigniter4\framework\system\Database\BaseConnection.php(692): CodeIgniter\Database\MySQLi\Connection->execute('INSERT INTO `ta...')
#2 C:\laragon\www\lab1CRUD\vendor\codeigniter4\framework\system\Database\BaseConnection.php(606): CodeIgniter\Database\BaseConnection->simpleQuery('INSERT INTO `ta...')
#3 C:\laragon\www\lab1CRUD\vendor\codeigniter4\framework\system\Database\BaseBuilder.php(2308): CodeIgniter\Database\BaseConnection->query('INSERT INTO `ta...', Array, false)
#4 C:\laragon\www\lab1CRUD\vendor\codeigniter4\framework\system\Model.php(319): CodeIgniter\Database\BaseBuilder->insert()
#5 C:\laragon\www\lab1CRUD\vendor\codeigniter4\framework\system\BaseModel.php(788): CodeIgniter\Model->doInsert(Array)
#6 C:\laragon\www\lab1CRUD\vendor\codeigniter4\framework\system\Model.php(715): CodeIgniter\BaseModel->insert(Array, true)
#7 C:\laragon\www\lab1CRUD\app\Controllers\StudentController.php(56): CodeIgniter\Model->insert(Array)
#8 C:\laragon\www\lab1CRUD\vendor\codeigniter4\framework\system\CodeIgniter.php(919): App\Controllers\StudentController->save()
#9 C:\laragon\www\lab1CRUD\vendor\codeigniter4\framework\system\CodeIgniter.php(494): CodeIgniter\CodeIgniter->runController(Object(App\Controllers\StudentController))
#10 C:\laragon\www\lab1CRUD\vendor\codeigniter4\framework\system\CodeIgniter.php(353): CodeIgniter\CodeIgniter->handleRequest(NULL, Object(Config\Cache), false)
#11 C:\laragon\www\lab1CRUD\public\index.php(79): CodeIgniter\CodeIgniter->run()
#12 C:\laragon\www\lab1CRUD\vendor\codeigniter4\framework\system\Commands\Server\rewrite.php(47): require_once('C:\\laragon\\www\\...')
#13 {main}
CRITICAL - 2023-09-21 08:06:12 --> Column 'StudSection' cannot be null
in SYSTEMPATH\Database\BaseConnection.php on line 646.
 1 SYSTEMPATH\Database\BaseBuilder.php(2308): CodeIgniter\Database\BaseConnection->query('INSERT INTO `table_students` (`StudID`, `StudName`, `StudGender`, `StudCourse`, `StudSection`, `StudYear`) VALUES (:StudID:, :StudName:, :StudGender:, :StudCourse:, :StudSection:, :StudYear:)', [...], false)
 2 SYSTEMPATH\Model.php(319): CodeIgniter\Database\BaseBuilder->insert()
 3 SYSTEMPATH\BaseModel.php(788): CodeIgniter\Model->doInsert([...])
 4 SYSTEMPATH\Model.php(715): CodeIgniter\BaseModel->insert([...], true)
 5 APPPATH\Controllers\StudentController.php(56): CodeIgniter\Model->insert([...])
 6 SYSTEMPATH\CodeIgniter.php(919): App\Controllers\StudentController->save()
 7 SYSTEMPATH\CodeIgniter.php(494): CodeIgniter\CodeIgniter->runController(Object(App\Controllers\StudentController))
 8 SYSTEMPATH\CodeIgniter.php(353): CodeIgniter\CodeIgniter->handleRequest(null, Object(Config\Cache), false)
 9 FCPATH\index.php(79): CodeIgniter\CodeIgniter->run()
10 SYSTEMPATH\Commands\Server\rewrite.php(47): require_once('C:\\laragon\\www\\lab1CRUD\\public\\index.php')
ERROR - 2023-09-21 08:07:48 --> mysqli_sql_exception: Column 'StudSection' cannot be null in C:\laragon\www\lab1CRUD\vendor\codeigniter4\framework\system\Database\MySQLi\Connection.php:306
Stack trace:
#0 C:\laragon\www\lab1CRUD\vendor\codeigniter4\framework\system\Database\MySQLi\Connection.php(306): mysqli->query('INSERT INTO `ta...', 0)
#1 C:\laragon\www\lab1CRUD\vendor\codeigniter4\framework\system\Database\BaseConnection.php(692): CodeIgniter\Database\MySQLi\Connection->execute('INSERT INTO `ta...')
#2 C:\laragon\www\lab1CRUD\vendor\codeigniter4\framework\system\Database\BaseConnection.php(606): CodeIgniter\Database\BaseConnection->simpleQuery('INSERT INTO `ta...')
#3 C:\laragon\www\lab1CRUD\vendor\codeigniter4\framework\system\Database\BaseBuilder.php(2308): CodeIgniter\Database\BaseConnection->query('INSERT INTO `ta...', Array, false)
#4 C:\laragon\www\lab1CRUD\vendor\codeigniter4\framework\system\Model.php(319): CodeIgniter\Database\BaseBuilder->insert()
#5 C:\laragon\www\lab1CRUD\vendor\codeigniter4\framework\system\BaseModel.php(788): CodeIgniter\Model->doInsert(Array)
#6 C:\laragon\www\lab1CRUD\vendor\codeigniter4\framework\system\Model.php(715): CodeIgniter\BaseModel->insert(Array, true)
#7 C:\laragon\www\lab1CRUD\app\Controllers\StudentController.php(56): CodeIgniter\Model->insert(Array)
#8 C:\laragon\www\lab1CRUD\vendor\codeigniter4\framework\system\CodeIgniter.php(919): App\Controllers\StudentController->save()
#9 C:\laragon\www\lab1CRUD\vendor\codeigniter4\framework\system\CodeIgniter.php(494): CodeIgniter\CodeIgniter->runController(Object(App\Controllers\StudentController))
#10 C:\laragon\www\lab1CRUD\vendor\codeigniter4\framework\system\CodeIgniter.php(353): CodeIgniter\CodeIgniter->handleRequest(NULL, Object(Config\Cache), false)
#11 C:\laragon\www\lab1CRUD\public\index.php(79): CodeIgniter\CodeIgniter->run()
#12 C:\laragon\www\lab1CRUD\vendor\codeigniter4\framework\system\Commands\Server\rewrite.php(47): require_once('C:\\laragon\\www\\...')
#13 {main}
CRITICAL - 2023-09-21 08:07:48 --> Column 'StudSection' cannot be null
in SYSTEMPATH\Database\BaseConnection.php on line 646.
 1 SYSTEMPATH\Database\BaseBuilder.php(2308): CodeIgniter\Database\BaseConnection->query('INSERT INTO `table_students` (`StudID`, `StudName`, `StudGender`, `StudCourse`, `StudSection`, `StudYear`) VALUES (:StudID:, :StudName:, :StudGender:, :StudCourse:, :StudSection:, :StudYear:)', [...], false)
 2 SYSTEMPATH\Model.php(319): CodeIgniter\Database\BaseBuilder->insert()
 3 SYSTEMPATH\BaseModel.php(788): CodeIgniter\Model->doInsert([...])
 4 SYSTEMPATH\Model.php(715): CodeIgniter\BaseModel->insert([...], true)
 5 APPPATH\Controllers\StudentController.php(56): CodeIgniter\Model->insert([...])
 6 SYSTEMPATH\CodeIgniter.php(919): App\Controllers\StudentController->save()
 7 SYSTEMPATH\CodeIgniter.php(494): CodeIgniter\CodeIgniter->runController(Object(App\Controllers\StudentController))
 8 SYSTEMPATH\CodeIgniter.php(353): CodeIgniter\CodeIgniter->handleRequest(null, Object(Config\Cache), false)
 9 FCPATH\index.php(79): CodeIgniter\CodeIgniter->run()
10 SYSTEMPATH\Commands\Server\rewrite.php(47): require_once('C:\\laragon\\www\\lab1CRUD\\public\\index.php')
ERROR - 2023-09-21 08:08:21 --> mysqli_sql_exception: Column 'StudSection' cannot be null in C:\laragon\www\lab1CRUD\vendor\codeigniter4\framework\system\Database\MySQLi\Connection.php:306
Stack trace:
#0 C:\laragon\www\lab1CRUD\vendor\codeigniter4\framework\system\Database\MySQLi\Connection.php(306): mysqli->query('INSERT INTO `ta...', 0)
#1 C:\laragon\www\lab1CRUD\vendor\codeigniter4\framework\system\Database\BaseConnection.php(692): CodeIgniter\Database\MySQLi\Connection->execute('INSERT INTO `ta...')
#2 C:\laragon\www\lab1CRUD\vendor\codeigniter4\framework\system\Database\BaseConnection.php(606): CodeIgniter\Database\BaseConnection->simpleQuery('INSERT INTO `ta...')
#3 C:\laragon\www\lab1CRUD\vendor\codeigniter4\framework\system\Database\BaseBuilder.php(2308): CodeIgniter\Database\BaseConnection->query('INSERT INTO `ta...', Array, false)
#4 C:\laragon\www\lab1CRUD\vendor\codeigniter4\framework\system\Model.php(319): CodeIgniter\Database\BaseBuilder->insert()
#5 C:\laragon\www\lab1CRUD\vendor\codeigniter4\framework\system\BaseModel.php(788): CodeIgniter\Model->doInsert(Array)
#6 C:\laragon\www\lab1CRUD\vendor\codeigniter4\framework\system\Model.php(715): CodeIgniter\BaseModel->insert(Array, true)
#7 C:\laragon\www\lab1CRUD\app\Controllers\StudentController.php(56): CodeIgniter\Model->insert(Array)
#8 C:\laragon\www\lab1CRUD\vendor\codeigniter4\framework\system\CodeIgniter.php(919): App\Controllers\StudentController->save()
#9 C:\laragon\www\lab1CRUD\vendor\codeigniter4\framework\system\CodeIgniter.php(494): CodeIgniter\CodeIgniter->runController(Object(App\Controllers\StudentController))
#10 C:\laragon\www\lab1CRUD\vendor\codeigniter4\framework\system\CodeIgniter.php(353): CodeIgniter\CodeIgniter->handleRequest(NULL, Object(Config\Cache), false)
#11 C:\laragon\www\lab1CRUD\public\index.php(79): CodeIgniter\CodeIgniter->run()
#12 C:\laragon\www\lab1CRUD\vendor\codeigniter4\framework\system\Commands\Server\rewrite.php(47): require_once('C:\\laragon\\www\\...')
#13 {main}
CRITICAL - 2023-09-21 08:08:21 --> Column 'StudSection' cannot be null
in SYSTEMPATH\Database\BaseConnection.php on line 646.
 1 SYSTEMPATH\Database\BaseBuilder.php(2308): CodeIgniter\Database\BaseConnection->query('INSERT INTO `table_students` (`StudID`, `StudName`, `StudGender`, `StudCourse`, `StudSection`, `StudYear`) VALUES (:StudID:, :StudName:, :StudGender:, :StudCourse:, :StudSection:, :StudYear:)', [...], false)
 2 SYSTEMPATH\Model.php(319): CodeIgniter\Database\BaseBuilder->insert()
 3 SYSTEMPATH\BaseModel.php(788): CodeIgniter\Model->doInsert([...])
 4 SYSTEMPATH\Model.php(715): CodeIgniter\BaseModel->insert([...], true)
 5 APPPATH\Controllers\StudentController.php(56): CodeIgniter\Model->insert([...])
 6 SYSTEMPATH\CodeIgniter.php(919): App\Controllers\StudentController->save()
 7 SYSTEMPATH\CodeIgniter.php(494): CodeIgniter\CodeIgniter->runController(Object(App\Controllers\StudentController))
 8 SYSTEMPATH\CodeIgniter.php(353): CodeIgniter\CodeIgniter->handleRequest(null, Object(Config\Cache), false)
 9 FCPATH\index.php(79): CodeIgniter\CodeIgniter->run()
10 SYSTEMPATH\Commands\Server\rewrite.php(47): require_once('C:\\laragon\\www\\lab1CRUD\\public\\index.php')
ERROR - 2023-09-21 08:09:57 --> mysqli_sql_exception: Duplicate entry 'MCC2021-002' for key 'table_students.StudID' in C:\laragon\www\lab1CRUD\vendor\codeigniter4\framework\system\Database\MySQLi\Connection.php:306
Stack trace:
#0 C:\laragon\www\lab1CRUD\vendor\codeigniter4\framework\system\Database\MySQLi\Connection.php(306): mysqli->query('INSERT INTO `ta...', 0)
#1 C:\laragon\www\lab1CRUD\vendor\codeigniter4\framework\system\Database\BaseConnection.php(692): CodeIgniter\Database\MySQLi\Connection->execute('INSERT INTO `ta...')
#2 C:\laragon\www\lab1CRUD\vendor\codeigniter4\framework\system\Database\BaseConnection.php(606): CodeIgniter\Database\BaseConnection->simpleQuery('INSERT INTO `ta...')
#3 C:\laragon\www\lab1CRUD\vendor\codeigniter4\framework\system\Database\BaseBuilder.php(2308): CodeIgniter\Database\BaseConnection->query('INSERT INTO `ta...', Array, false)
#4 C:\laragon\www\lab1CRUD\vendor\codeigniter4\framework\system\Model.php(319): CodeIgniter\Database\BaseBuilder->insert()
#5 C:\laragon\www\lab1CRUD\vendor\codeigniter4\framework\system\BaseModel.php(788): CodeIgniter\Model->doInsert(Array)
#6 C:\laragon\www\lab1CRUD\vendor\codeigniter4\framework\system\Model.php(715): CodeIgniter\BaseModel->insert(Array, true)
#7 C:\laragon\www\lab1CRUD\app\Controllers\StudentController.php(56): CodeIgniter\Model->insert(Array)
#8 C:\laragon\www\lab1CRUD\vendor\codeigniter4\framework\system\CodeIgniter.php(919): App\Controllers\StudentController->save()
#9 C:\laragon\www\lab1CRUD\vendor\codeigniter4\framework\system\CodeIgniter.php(494): CodeIgniter\CodeIgniter->runController(Object(App\Controllers\StudentController))
#10 C:\laragon\www\lab1CRUD\vendor\codeigniter4\framework\system\CodeIgniter.php(353): CodeIgniter\CodeIgniter->handleRequest(NULL, Object(Config\Cache), false)
#11 C:\laragon\www\lab1CRUD\public\index.php(79): CodeIgniter\CodeIgniter->run()
#12 C:\laragon\www\lab1CRUD\vendor\codeigniter4\framework\system\Commands\Server\rewrite.php(47): require_once('C:\\laragon\\www\\...')
#13 {main}
CRITICAL - 2023-09-21 08:09:57 --> Duplicate entry 'MCC2021-002' for key 'table_students.StudID'
in SYSTEMPATH\Database\BaseConnection.php on line 646.
 1 SYSTEMPATH\Database\BaseBuilder.php(2308): CodeIgniter\Database\BaseConnection->query('INSERT INTO `table_students` (`StudID`, `StudName`, `StudGender`, `StudCourse`, `StudSection`, `StudYear`) VALUES (:StudID:, :StudName:, :StudGender:, :StudCourse:, :StudSection:, :StudYear:)', [...], false)
 2 SYSTEMPATH\Model.php(319): CodeIgniter\Database\BaseBuilder->insert()
 3 SYSTEMPATH\BaseModel.php(788): CodeIgniter\Model->doInsert([...])
 4 SYSTEMPATH\Model.php(715): CodeIgniter\BaseModel->insert([...], true)
 5 APPPATH\Controllers\StudentController.php(56): CodeIgniter\Model->insert([...])
 6 SYSTEMPATH\CodeIgniter.php(919): App\Controllers\StudentController->save()
 7 SYSTEMPATH\CodeIgniter.php(494): CodeIgniter\CodeIgniter->runController(Object(App\Controllers\StudentController))
 8 SYSTEMPATH\CodeIgniter.php(353): CodeIgniter\CodeIgniter->handleRequest(null, Object(Config\Cache), false)
 9 FCPATH\index.php(79): CodeIgniter\CodeIgniter->run()
10 SYSTEMPATH\Commands\Server\rewrite.php(47): require_once('C:\\laragon\\www\\lab1CRUD\\public\\index.php')
ERROR - 2023-09-21 08:10:38 --> mysqli_sql_exception: Duplicate entry 'MCC2021-002' for key 'table_students.StudID' in C:\laragon\www\lab1CRUD\vendor\codeigniter4\framework\system\Database\MySQLi\Connection.php:306
Stack trace:
#0 C:\laragon\www\lab1CRUD\vendor\codeigniter4\framework\system\Database\MySQLi\Connection.php(306): mysqli->query('INSERT INTO `ta...', 0)
#1 C:\laragon\www\lab1CRUD\vendor\codeigniter4\framework\system\Database\BaseConnection.php(692): CodeIgniter\Database\MySQLi\Connection->execute('INSERT INTO `ta...')
#2 C:\laragon\www\lab1CRUD\vendor\codeigniter4\framework\system\Database\BaseConnection.php(606): CodeIgniter\Database\BaseConnection->simpleQuery('INSERT INTO `ta...')
#3 C:\laragon\www\lab1CRUD\vendor\codeigniter4\framework\system\Database\BaseBuilder.php(2308): CodeIgniter\Database\BaseConnection->query('INSERT INTO `ta...', Array, false)
#4 C:\laragon\www\lab1CRUD\vendor\codeigniter4\framework\system\Model.php(319): CodeIgniter\Database\BaseBuilder->insert()
#5 C:\laragon\www\lab1CRUD\vendor\codeigniter4\framework\system\BaseModel.php(788): CodeIgniter\Model->doInsert(Array)
#6 C:\laragon\www\lab1CRUD\vendor\codeigniter4\framework\system\Model.php(715): CodeIgniter\BaseModel->insert(Array, true)
#7 C:\laragon\www\lab1CRUD\app\Controllers\StudentController.php(61): CodeIgniter\Model->insert(Array)
#8 C:\laragon\www\lab1CRUD\vendor\codeigniter4\framework\system\CodeIgniter.php(919): App\Controllers\StudentController->save()
#9 C:\laragon\www\lab1CRUD\vendor\codeigniter4\framework\system\CodeIgniter.php(494): CodeIgniter\CodeIgniter->runController(Object(App\Controllers\StudentController))
#10 C:\laragon\www\lab1CRUD\vendor\codeigniter4\framework\system\CodeIgniter.php(353): CodeIgniter\CodeIgniter->handleRequest(NULL, Object(Config\Cache), false)
#11 C:\laragon\www\lab1CRUD\public\index.php(79): CodeIgniter\CodeIgniter->run()
#12 C:\laragon\www\lab1CRUD\vendor\codeigniter4\framework\system\Commands\Server\rewrite.php(47): require_once('C:\\laragon\\www\\...')
#13 {main}
CRITICAL - 2023-09-21 08:10:38 --> Duplicate entry 'MCC2021-002' for key 'table_students.StudID'
in SYSTEMPATH\Database\BaseConnection.php on line 646.
 1 SYSTEMPATH\Database\BaseBuilder.php(2308): CodeIgniter\Database\BaseConnection->query('INSERT INTO `table_students` (`StudID`, `StudName`, `StudGender`, `StudCourse`, `StudSection`, `StudYear`) VALUES (:StudID:, :StudName:, :StudGender:, :StudCourse:, :StudSection:, :StudYear:)', [...], false)
 2 SYSTEMPATH\Model.php(319): CodeIgniter\Database\BaseBuilder->insert()
 3 SYSTEMPATH\BaseModel.php(788): CodeIgniter\Model->doInsert([...])
 4 SYSTEMPATH\Model.php(715): CodeIgniter\BaseModel->insert([...], true)
 5 APPPATH\Controllers\StudentController.php(61): CodeIgniter\Model->insert([...])
 6 SYSTEMPATH\CodeIgniter.php(919): App\Controllers\StudentController->save()
 7 SYSTEMPATH\CodeIgniter.php(494): CodeIgniter\CodeIgniter->runController(Object(App\Controllers\StudentController))
 8 SYSTEMPATH\CodeIgniter.php(353): CodeIgniter\CodeIgniter->handleRequest(null, Object(Config\Cache), false)
 9 FCPATH\index.php(79): CodeIgniter\CodeIgniter->run()
10 SYSTEMPATH\Commands\Server\rewrite.php(47): require_once('C:\\laragon\\www\\lab1CRUD\\public\\index.php')
ERROR - 2023-09-21 08:11:00 --> mysqli_sql_exception: Duplicate entry 'MCC2021-002' for key 'table_students.StudID' in C:\laragon\www\lab1CRUD\vendor\codeigniter4\framework\system\Database\MySQLi\Connection.php:306
Stack trace:
#0 C:\laragon\www\lab1CRUD\vendor\codeigniter4\framework\system\Database\MySQLi\Connection.php(306): mysqli->query('INSERT INTO `ta...', 0)
#1 C:\laragon\www\lab1CRUD\vendor\codeigniter4\framework\system\Database\BaseConnection.php(692): CodeIgniter\Database\MySQLi\Connection->execute('INSERT INTO `ta...')
#2 C:\laragon\www\lab1CRUD\vendor\codeigniter4\framework\system\Database\BaseConnection.php(606): CodeIgniter\Database\BaseConnection->simpleQuery('INSERT INTO `ta...')
#3 C:\laragon\www\lab1CRUD\vendor\codeigniter4\framework\system\Database\BaseBuilder.php(2308): CodeIgniter\Database\BaseConnection->query('INSERT INTO `ta...', Array, false)
#4 C:\laragon\www\lab1CRUD\vendor\codeigniter4\framework\system\Model.php(319): CodeIgniter\Database\BaseBuilder->insert()
#5 C:\laragon\www\lab1CRUD\vendor\codeigniter4\framework\system\BaseModel.php(788): CodeIgniter\Model->doInsert(Array)
#6 C:\laragon\www\lab1CRUD\vendor\codeigniter4\framework\system\Model.php(715): CodeIgniter\BaseModel->insert(Array, true)
#7 C:\laragon\www\lab1CRUD\app\Controllers\StudentController.php(61): CodeIgniter\Model->insert(Array)
#8 C:\laragon\www\lab1CRUD\vendor\codeigniter4\framework\system\CodeIgniter.php(919): App\Controllers\StudentController->save()
#9 C:\laragon\www\lab1CRUD\vendor\codeigniter4\framework\system\CodeIgniter.php(494): CodeIgniter\CodeIgniter->runController(Object(App\Controllers\StudentController))
#10 C:\laragon\www\lab1CRUD\vendor\codeigniter4\framework\system\CodeIgniter.php(353): CodeIgniter\CodeIgniter->handleRequest(NULL, Object(Config\Cache), false)
#11 C:\laragon\www\lab1CRUD\public\index.php(79): CodeIgniter\CodeIgniter->run()
#12 C:\laragon\www\lab1CRUD\vendor\codeigniter4\framework\system\Commands\Server\rewrite.php(47): require_once('C:\\laragon\\www\\...')
#13 {main}
CRITICAL - 2023-09-21 08:11:00 --> Duplicate entry 'MCC2021-002' for key 'table_students.StudID'
in SYSTEMPATH\Database\BaseConnection.php on line 646.
 1 SYSTEMPATH\Database\BaseBuilder.php(2308): CodeIgniter\Database\BaseConnection->query('INSERT INTO `table_students` (`StudID`, `StudName`, `StudGender`, `StudCourse`, `StudSection`, `StudYear`) VALUES (:StudID:, :StudName:, :StudGender:, :StudCourse:, :StudSection:, :StudYear:)', [...], false)
 2 SYSTEMPATH\Model.php(319): CodeIgniter\Database\BaseBuilder->insert()
 3 SYSTEMPATH\BaseModel.php(788): CodeIgniter\Model->doInsert([...])
 4 SYSTEMPATH\Model.php(715): CodeIgniter\BaseModel->insert([...], true)
 5 APPPATH\Controllers\StudentController.php(61): CodeIgniter\Model->insert([...])
 6 SYSTEMPATH\CodeIgniter.php(919): App\Controllers\StudentController->save()
 7 SYSTEMPATH\CodeIgniter.php(494): CodeIgniter\CodeIgniter->runController(Object(App\Controllers\StudentController))
 8 SYSTEMPATH\CodeIgniter.php(353): CodeIgniter\CodeIgniter->handleRequest(null, Object(Config\Cache), false)
 9 FCPATH\index.php(79): CodeIgniter\CodeIgniter->run()
10 SYSTEMPATH\Commands\Server\rewrite.php(47): require_once('C:\\laragon\\www\\lab1CRUD\\public\\index.php')
ERROR - 2023-09-21 08:14:05 --> mysqli_sql_exception: Duplicate entry 'MCC2021-002' for key 'table_students.StudID' in C:\laragon\www\lab1CRUD\vendor\codeigniter4\framework\system\Database\MySQLi\Connection.php:306
Stack trace:
#0 C:\laragon\www\lab1CRUD\vendor\codeigniter4\framework\system\Database\MySQLi\Connection.php(306): mysqli->query('INSERT INTO `ta...', 0)
#1 C:\laragon\www\lab1CRUD\vendor\codeigniter4\framework\system\Database\BaseConnection.php(692): CodeIgniter\Database\MySQLi\Connection->execute('INSERT INTO `ta...')
#2 C:\laragon\www\lab1CRUD\vendor\codeigniter4\framework\system\Database\BaseConnection.php(606): CodeIgniter\Database\BaseConnection->simpleQuery('INSERT INTO `ta...')
#3 C:\laragon\www\lab1CRUD\vendor\codeigniter4\framework\system\Database\BaseBuilder.php(2308): CodeIgniter\Database\BaseConnection->query('INSERT INTO `ta...', Array, false)
#4 C:\laragon\www\lab1CRUD\vendor\codeigniter4\framework\system\Model.php(319): CodeIgniter\Database\BaseBuilder->insert()
#5 C:\laragon\www\lab1CRUD\vendor\codeigniter4\framework\system\BaseModel.php(788): CodeIgniter\Model->doInsert(Array)
#6 C:\laragon\www\lab1CRUD\vendor\codeigniter4\framework\system\Model.php(715): CodeIgniter\BaseModel->insert(Array, true)
#7 C:\laragon\www\lab1CRUD\app\Controllers\StudentController.php(61): CodeIgniter\Model->insert(Array)
#8 C:\laragon\www\lab1CRUD\vendor\codeigniter4\framework\system\CodeIgniter.php(919): App\Controllers\StudentController->save()
#9 C:\laragon\www\lab1CRUD\vendor\codeigniter4\framework\system\CodeIgniter.php(494): CodeIgniter\CodeIgniter->runController(Object(App\Controllers\StudentController))
#10 C:\laragon\www\lab1CRUD\vendor\codeigniter4\framework\system\CodeIgniter.php(353): CodeIgniter\CodeIgniter->handleRequest(NULL, Object(Config\Cache), false)
#11 C:\laragon\www\lab1CRUD\public\index.php(79): CodeIgniter\CodeIgniter->run()
#12 C:\laragon\www\lab1CRUD\vendor\codeigniter4\framework\system\Commands\Server\rewrite.php(47): require_once('C:\\laragon\\www\\...')
#13 {main}
CRITICAL - 2023-09-21 08:14:05 --> Duplicate entry 'MCC2021-002' for key 'table_students.StudID'
in SYSTEMPATH\Database\BaseConnection.php on line 646.
 1 SYSTEMPATH\Database\BaseBuilder.php(2308): CodeIgniter\Database\BaseConnection->query('INSERT INTO `table_students` (`StudID`, `StudName`, `StudGender`, `StudCourse`, `StudSection`, `StudYear`) VALUES (:StudID:, :StudName:, :StudGender:, :StudCourse:, :StudSection:, :StudYear:)', [...], false)
 2 SYSTEMPATH\Model.php(319): CodeIgniter\Database\BaseBuilder->insert()
 3 SYSTEMPATH\BaseModel.php(788): CodeIgniter\Model->doInsert([...])
 4 SYSTEMPATH\Model.php(715): CodeIgniter\BaseModel->insert([...], true)
 5 APPPATH\Controllers\StudentController.php(61): CodeIgniter\Model->insert([...])
 6 SYSTEMPATH\CodeIgniter.php(919): App\Controllers\StudentController->save()
 7 SYSTEMPATH\CodeIgniter.php(494): CodeIgniter\CodeIgniter->runController(Object(App\Controllers\StudentController))
 8 SYSTEMPATH\CodeIgniter.php(353): CodeIgniter\CodeIgniter->handleRequest(null, Object(Config\Cache), false)
 9 FCPATH\index.php(79): CodeIgniter\CodeIgniter->run()
10 SYSTEMPATH\Commands\Server\rewrite.php(47): require_once('C:\\laragon\\www\\lab1CRUD\\public\\index.php')
ERROR - 2023-09-21 08:14:33 --> mysqli_sql_exception: Duplicate entry 'MCC2021-002' for key 'table_students.StudID' in C:\laragon\www\lab1CRUD\vendor\codeigniter4\framework\system\Database\MySQLi\Connection.php:306
Stack trace:
#0 C:\laragon\www\lab1CRUD\vendor\codeigniter4\framework\system\Database\MySQLi\Connection.php(306): mysqli->query('INSERT INTO `ta...', 0)
#1 C:\laragon\www\lab1CRUD\vendor\codeigniter4\framework\system\Database\BaseConnection.php(692): CodeIgniter\Database\MySQLi\Connection->execute('INSERT INTO `ta...')
#2 C:\laragon\www\lab1CRUD\vendor\codeigniter4\framework\system\Database\BaseConnection.php(606): CodeIgniter\Database\BaseConnection->simpleQuery('INSERT INTO `ta...')
#3 C:\laragon\www\lab1CRUD\vendor\codeigniter4\framework\system\Database\BaseBuilder.php(2308): CodeIgniter\Database\BaseConnection->query('INSERT INTO `ta...', Array, false)
#4 C:\laragon\www\lab1CRUD\vendor\codeigniter4\framework\system\Model.php(319): CodeIgniter\Database\BaseBuilder->insert()
#5 C:\laragon\www\lab1CRUD\vendor\codeigniter4\framework\system\BaseModel.php(788): CodeIgniter\Model->doInsert(Array)
#6 C:\laragon\www\lab1CRUD\vendor\codeigniter4\framework\system\Model.php(715): CodeIgniter\BaseModel->insert(Array, true)
#7 C:\laragon\www\lab1CRUD\app\Controllers\StudentController.php(61): CodeIgniter\Model->insert(Array)
#8 C:\laragon\www\lab1CRUD\vendor\codeigniter4\framework\system\CodeIgniter.php(919): App\Controllers\StudentController->save()
#9 C:\laragon\www\lab1CRUD\vendor\codeigniter4\framework\system\CodeIgniter.php(494): CodeIgniter\CodeIgniter->runController(Object(App\Controllers\StudentController))
#10 C:\laragon\www\lab1CRUD\vendor\codeigniter4\framework\system\CodeIgniter.php(353): CodeIgniter\CodeIgniter->handleRequest(NULL, Object(Config\Cache), false)
#11 C:\laragon\www\lab1CRUD\public\index.php(79): CodeIgniter\CodeIgniter->run()
#12 C:\laragon\www\lab1CRUD\vendor\codeigniter4\framework\system\Commands\Server\rewrite.php(47): require_once('C:\\laragon\\www\\...')
#13 {main}
CRITICAL - 2023-09-21 08:14:33 --> Duplicate entry 'MCC2021-002' for key 'table_students.StudID'
in SYSTEMPATH\Database\BaseConnection.php on line 646.
 1 SYSTEMPATH\Database\BaseBuilder.php(2308): CodeIgniter\Database\BaseConnection->query('INSERT INTO `table_students` (`StudID`, `StudName`, `StudGender`, `StudCourse`, `StudSection`, `StudYear`) VALUES (:StudID:, :StudName:, :StudGender:, :StudCourse:, :StudSection:, :StudYear:)', [...], false)
 2 SYSTEMPATH\Model.php(319): CodeIgniter\Database\BaseBuilder->insert()
 3 SYSTEMPATH\BaseModel.php(788): CodeIgniter\Model->doInsert([...])
 4 SYSTEMPATH\Model.php(715): CodeIgniter\BaseModel->insert([...], true)
 5 APPPATH\Controllers\StudentController.php(61): CodeIgniter\Model->insert([...])
 6 SYSTEMPATH\CodeIgniter.php(919): App\Controllers\StudentController->save()
 7 SYSTEMPATH\CodeIgniter.php(494): CodeIgniter\CodeIgniter->runController(Object(App\Controllers\StudentController))
 8 SYSTEMPATH\CodeIgniter.php(353): CodeIgniter\CodeIgniter->handleRequest(null, Object(Config\Cache), false)
 9 FCPATH\index.php(79): CodeIgniter\CodeIgniter->run()
10 SYSTEMPATH\Commands\Server\rewrite.php(47): require_once('C:\\laragon\\www\\lab1CRUD\\public\\index.php')
ERROR - 2023-09-21 08:14:41 --> mysqli_sql_exception: Duplicate entry 'MCC2021-002' for key 'table_students.StudID' in C:\laragon\www\lab1CRUD\vendor\codeigniter4\framework\system\Database\MySQLi\Connection.php:306
Stack trace:
#0 C:\laragon\www\lab1CRUD\vendor\codeigniter4\framework\system\Database\MySQLi\Connection.php(306): mysqli->query('INSERT INTO `ta...', 0)
#1 C:\laragon\www\lab1CRUD\vendor\codeigniter4\framework\system\Database\BaseConnection.php(692): CodeIgniter\Database\MySQLi\Connection->execute('INSERT INTO `ta...')
#2 C:\laragon\www\lab1CRUD\vendor\codeigniter4\framework\system\Database\BaseConnection.php(606): CodeIgniter\Database\BaseConnection->simpleQuery('INSERT INTO `ta...')
#3 C:\laragon\www\lab1CRUD\vendor\codeigniter4\framework\system\Database\BaseBuilder.php(2308): CodeIgniter\Database\BaseConnection->query('INSERT INTO `ta...', Array, false)
#4 C:\laragon\www\lab1CRUD\vendor\codeigniter4\framework\system\Model.php(319): CodeIgniter\Database\BaseBuilder->insert()
#5 C:\laragon\www\lab1CRUD\vendor\codeigniter4\framework\system\BaseModel.php(788): CodeIgniter\Model->doInsert(Array)
#6 C:\laragon\www\lab1CRUD\vendor\codeigniter4\framework\system\Model.php(715): CodeIgniter\BaseModel->insert(Array, true)
#7 C:\laragon\www\lab1CRUD\app\Controllers\StudentController.php(61): CodeIgniter\Model->insert(Array)
#8 C:\laragon\www\lab1CRUD\vendor\codeigniter4\framework\system\CodeIgniter.php(919): App\Controllers\StudentController->save()
#9 C:\laragon\www\lab1CRUD\vendor\codeigniter4\framework\system\CodeIgniter.php(494): CodeIgniter\CodeIgniter->runController(Object(App\Controllers\StudentController))
#10 C:\laragon\www\lab1CRUD\vendor\codeigniter4\framework\system\CodeIgniter.php(353): CodeIgniter\CodeIgniter->handleRequest(NULL, Object(Config\Cache), false)
#11 C:\laragon\www\lab1CRUD\public\index.php(79): CodeIgniter\CodeIgniter->run()
#12 C:\laragon\www\lab1CRUD\vendor\codeigniter4\framework\system\Commands\Server\rewrite.php(47): require_once('C:\\laragon\\www\\...')
#13 {main}
CRITICAL - 2023-09-21 08:14:41 --> Duplicate entry 'MCC2021-002' for key 'table_students.StudID'
in SYSTEMPATH\Database\BaseConnection.php on line 646.
 1 SYSTEMPATH\Database\BaseBuilder.php(2308): CodeIgniter\Database\BaseConnection->query('INSERT INTO `table_students` (`StudID`, `StudName`, `StudGender`, `StudCourse`, `StudSection`, `StudYear`) VALUES (:StudID:, :StudName:, :StudGender:, :StudCourse:, :StudSection:, :StudYear:)', [...], false)
 2 SYSTEMPATH\Model.php(319): CodeIgniter\Database\BaseBuilder->insert()
 3 SYSTEMPATH\BaseModel.php(788): CodeIgniter\Model->doInsert([...])
 4 SYSTEMPATH\Model.php(715): CodeIgniter\BaseModel->insert([...], true)
 5 APPPATH\Controllers\StudentController.php(61): CodeIgniter\Model->insert([...])
 6 SYSTEMPATH\CodeIgniter.php(919): App\Controllers\StudentController->save()
 7 SYSTEMPATH\CodeIgniter.php(494): CodeIgniter\CodeIgniter->runController(Object(App\Controllers\StudentController))
 8 SYSTEMPATH\CodeIgniter.php(353): CodeIgniter\CodeIgniter->handleRequest(null, Object(Config\Cache), false)
 9 FCPATH\index.php(79): CodeIgniter\CodeIgniter->run()
10 SYSTEMPATH\Commands\Server\rewrite.php(47): require_once('C:\\laragon\\www\\lab1CRUD\\public\\index.php')
ERROR - 2023-09-21 08:14:53 --> mysqli_sql_exception: Duplicate entry 'MCC2021-002' for key 'table_students.StudID' in C:\laragon\www\lab1CRUD\vendor\codeigniter4\framework\system\Database\MySQLi\Connection.php:306
Stack trace:
#0 C:\laragon\www\lab1CRUD\vendor\codeigniter4\framework\system\Database\MySQLi\Connection.php(306): mysqli->query('INSERT INTO `ta...', 0)
#1 C:\laragon\www\lab1CRUD\vendor\codeigniter4\framework\system\Database\BaseConnection.php(692): CodeIgniter\Database\MySQLi\Connection->execute('INSERT INTO `ta...')
#2 C:\laragon\www\lab1CRUD\vendor\codeigniter4\framework\system\Database\BaseConnection.php(606): CodeIgniter\Database\BaseConnection->simpleQuery('INSERT INTO `ta...')
#3 C:\laragon\www\lab1CRUD\vendor\codeigniter4\framework\system\Database\BaseBuilder.php(2308): CodeIgniter\Database\BaseConnection->query('INSERT INTO `ta...', Array, false)
#4 C:\laragon\www\lab1CRUD\vendor\codeigniter4\framework\system\Model.php(319): CodeIgniter\Database\BaseBuilder->insert()
#5 C:\laragon\www\lab1CRUD\vendor\codeigniter4\framework\system\BaseModel.php(788): CodeIgniter\Model->doInsert(Array)
#6 C:\laragon\www\lab1CRUD\vendor\codeigniter4\framework\system\Model.php(715): CodeIgniter\BaseModel->insert(Array, true)
#7 C:\laragon\www\lab1CRUD\app\Controllers\StudentController.php(61): CodeIgniter\Model->insert(Array)
#8 C:\laragon\www\lab1CRUD\vendor\codeigniter4\framework\system\CodeIgniter.php(919): App\Controllers\StudentController->save()
#9 C:\laragon\www\lab1CRUD\vendor\codeigniter4\framework\system\CodeIgniter.php(494): CodeIgniter\CodeIgniter->runController(Object(App\Controllers\StudentController))
#10 C:\laragon\www\lab1CRUD\vendor\codeigniter4\framework\system\CodeIgniter.php(353): CodeIgniter\CodeIgniter->handleRequest(NULL, Object(Config\Cache), false)
#11 C:\laragon\www\lab1CRUD\public\index.php(79): CodeIgniter\CodeIgniter->run()
#12 C:\laragon\www\lab1CRUD\vendor\codeigniter4\framework\system\Commands\Server\rewrite.php(47): require_once('C:\\laragon\\www\\...')
#13 {main}
CRITICAL - 2023-09-21 08:14:53 --> Duplicate entry 'MCC2021-002' for key 'table_students.StudID'
in SYSTEMPATH\Database\BaseConnection.php on line 646.
 1 SYSTEMPATH\Database\BaseBuilder.php(2308): CodeIgniter\Database\BaseConnection->query('INSERT INTO `table_students` (`StudID`, `StudName`, `StudGender`, `StudCourse`, `StudSection`, `StudYear`) VALUES (:StudID:, :StudName:, :StudGender:, :StudCourse:, :StudSection:, :StudYear:)', [...], false)
 2 SYSTEMPATH\Model.php(319): CodeIgniter\Database\BaseBuilder->insert()
 3 SYSTEMPATH\BaseModel.php(788): CodeIgniter\Model->doInsert([...])
 4 SYSTEMPATH\Model.php(715): CodeIgniter\BaseModel->insert([...], true)
 5 APPPATH\Controllers\StudentController.php(61): CodeIgniter\Model->insert([...])
 6 SYSTEMPATH\CodeIgniter.php(919): App\Controllers\StudentController->save()
 7 SYSTEMPATH\CodeIgniter.php(494): CodeIgniter\CodeIgniter->runController(Object(App\Controllers\StudentController))
 8 SYSTEMPATH\CodeIgniter.php(353): CodeIgniter\CodeIgniter->handleRequest(null, Object(Config\Cache), false)
 9 FCPATH\index.php(79): CodeIgniter\CodeIgniter->run()
10 SYSTEMPATH\Commands\Server\rewrite.php(47): require_once('C:\\laragon\\www\\lab1CRUD\\public\\index.php')
ERROR - 2023-09-21 08:15:00 --> mysqli_sql_exception: Duplicate entry 'MCC2021-002' for key 'table_students.StudID' in C:\laragon\www\lab1CRUD\vendor\codeigniter4\framework\system\Database\MySQLi\Connection.php:306
Stack trace:
#0 C:\laragon\www\lab1CRUD\vendor\codeigniter4\framework\system\Database\MySQLi\Connection.php(306): mysqli->query('INSERT INTO `ta...', 0)
#1 C:\laragon\www\lab1CRUD\vendor\codeigniter4\framework\system\Database\BaseConnection.php(692): CodeIgniter\Database\MySQLi\Connection->execute('INSERT INTO `ta...')
#2 C:\laragon\www\lab1CRUD\vendor\codeigniter4\framework\system\Database\BaseConnection.php(606): CodeIgniter\Database\BaseConnection->simpleQuery('INSERT INTO `ta...')
#3 C:\laragon\www\lab1CRUD\vendor\codeigniter4\framework\system\Database\BaseBuilder.php(2308): CodeIgniter\Database\BaseConnection->query('INSERT INTO `ta...', Array, false)
#4 C:\laragon\www\lab1CRUD\vendor\codeigniter4\framework\system\Model.php(319): CodeIgniter\Database\BaseBuilder->insert()
#5 C:\laragon\www\lab1CRUD\vendor\codeigniter4\framework\system\BaseModel.php(788): CodeIgniter\Model->doInsert(Array)
#6 C:\laragon\www\lab1CRUD\vendor\codeigniter4\framework\system\Model.php(715): CodeIgniter\BaseModel->insert(Array, true)
#7 C:\laragon\www\lab1CRUD\app\Controllers\StudentController.php(61): CodeIgniter\Model->insert(Array)
#8 C:\laragon\www\lab1CRUD\vendor\codeigniter4\framework\system\CodeIgniter.php(919): App\Controllers\StudentController->save()
#9 C:\laragon\www\lab1CRUD\vendor\codeigniter4\framework\system\CodeIgniter.php(494): CodeIgniter\CodeIgniter->runController(Object(App\Controllers\StudentController))
#10 C:\laragon\www\lab1CRUD\vendor\codeigniter4\framework\system\CodeIgniter.php(353): CodeIgniter\CodeIgniter->handleRequest(NULL, Object(Config\Cache), false)
#11 C:\laragon\www\lab1CRUD\public\index.php(79): CodeIgniter\CodeIgniter->run()
#12 C:\laragon\www\lab1CRUD\vendor\codeigniter4\framework\system\Commands\Server\rewrite.php(47): require_once('C:\\laragon\\www\\...')
#13 {main}
CRITICAL - 2023-09-21 08:15:00 --> Duplicate entry 'MCC2021-002' for key 'table_students.StudID'
in SYSTEMPATH\Database\BaseConnection.php on line 646.
 1 SYSTEMPATH\Database\BaseBuilder.php(2308): CodeIgniter\Database\BaseConnection->query('INSERT INTO `table_students` (`StudID`, `StudName`, `StudGender`, `StudCourse`, `StudSection`, `StudYear`) VALUES (:StudID:, :StudName:, :StudGender:, :StudCourse:, :StudSection:, :StudYear:)', [...], false)
 2 SYSTEMPATH\Model.php(319): CodeIgniter\Database\BaseBuilder->insert()
 3 SYSTEMPATH\BaseModel.php(788): CodeIgniter\Model->doInsert([...])
 4 SYSTEMPATH\Model.php(715): CodeIgniter\BaseModel->insert([...], true)
 5 APPPATH\Controllers\StudentController.php(61): CodeIgniter\Model->insert([...])
 6 SYSTEMPATH\CodeIgniter.php(919): App\Controllers\StudentController->save()
 7 SYSTEMPATH\CodeIgniter.php(494): CodeIgniter\CodeIgniter->runController(Object(App\Controllers\StudentController))
 8 SYSTEMPATH\CodeIgniter.php(353): CodeIgniter\CodeIgniter->handleRequest(null, Object(Config\Cache), false)
 9 FCPATH\index.php(79): CodeIgniter\CodeIgniter->run()
10 SYSTEMPATH\Commands\Server\rewrite.php(47): require_once('C:\\laragon\\www\\lab1CRUD\\public\\index.php')
CRITICAL - 2023-09-21 08:18:39 --> Undefined variable $studentToEdit
in APPPATH\Views\index.php on line 14.
 1 APPPATH\Views\index.php(14): CodeIgniter\Debug\Exceptions->errorHandler(2, 'Undefined variable $studentToEdit', 'C:\\laragon\\www\\lab1CRUD\\app\\Views\\index.php', 14)
 2 SYSTEMPATH\View\View.php(226): include('C:\\laragon\\www\\lab1CRUD\\app\\Views\\index.php')
 3 SYSTEMPATH\View\View.php(229): CodeIgniter\View\View->CodeIgniter\View\{closure}()
 4 SYSTEMPATH\Common.php(1188): CodeIgniter\View\View->render('index', [], true)
 5 APPPATH\Controllers\StudentController.php(29): view('index', [...])
 6 SYSTEMPATH\CodeIgniter.php(919): App\Controllers\StudentController->index()
 7 SYSTEMPATH\CodeIgniter.php(494): CodeIgniter\CodeIgniter->runController(Object(App\Controllers\StudentController))
 8 SYSTEMPATH\CodeIgniter.php(353): CodeIgniter\CodeIgniter->handleRequest(null, Object(Config\Cache), false)
 9 FCPATH\index.php(79): CodeIgniter\CodeIgniter->run()
10 SYSTEMPATH\Commands\Server\rewrite.php(47): require_once('C:\\laragon\\www\\lab1CRUD\\public\\index.php')
ERROR - 2023-09-21 08:19:02 --> mysqli_sql_exception: Duplicate entry 'MCC2021-001' for key 'table_students.StudID' in C:\laragon\www\lab1CRUD\vendor\codeigniter4\framework\system\Database\MySQLi\Connection.php:306
Stack trace:
#0 C:\laragon\www\lab1CRUD\vendor\codeigniter4\framework\system\Database\MySQLi\Connection.php(306): mysqli->query('INSERT INTO `ta...', 0)
#1 C:\laragon\www\lab1CRUD\vendor\codeigniter4\framework\system\Database\BaseConnection.php(692): CodeIgniter\Database\MySQLi\Connection->execute('INSERT INTO `ta...')
#2 C:\laragon\www\lab1CRUD\vendor\codeigniter4\framework\system\Database\BaseConnection.php(606): CodeIgniter\Database\BaseConnection->simpleQuery('INSERT INTO `ta...')
#3 C:\laragon\www\lab1CRUD\vendor\codeigniter4\framework\system\Database\BaseBuilder.php(2308): CodeIgniter\Database\BaseConnection->query('INSERT INTO `ta...', Array, false)
#4 C:\laragon\www\lab1CRUD\vendor\codeigniter4\framework\system\Model.php(319): CodeIgniter\Database\BaseBuilder->insert()
#5 C:\laragon\www\lab1CRUD\vendor\codeigniter4\framework\system\BaseModel.php(788): CodeIgniter\Model->doInsert(Array)
#6 C:\laragon\www\lab1CRUD\vendor\codeigniter4\framework\system\Model.php(715): CodeIgniter\BaseModel->insert(Array, true)
#7 C:\laragon\www\lab1CRUD\app\Controllers\StudentController.php(61): CodeIgniter\Model->insert(Array)
#8 C:\laragon\www\lab1CRUD\vendor\codeigniter4\framework\system\CodeIgniter.php(919): App\Controllers\StudentController->save()
#9 C:\laragon\www\lab1CRUD\vendor\codeigniter4\framework\system\CodeIgniter.php(494): CodeIgniter\CodeIgniter->runController(Object(App\Controllers\StudentController))
#10 C:\laragon\www\lab1CRUD\vendor\codeigniter4\framework\system\CodeIgniter.php(353): CodeIgniter\CodeIgniter->handleRequest(NULL, Object(Config\Cache), false)
#11 C:\laragon\www\lab1CRUD\public\index.php(79): CodeIgniter\CodeIgniter->run()
#12 C:\laragon\www\lab1CRUD\vendor\codeigniter4\framework\system\Commands\Server\rewrite.php(47): require_once('C:\\laragon\\www\\...')
#13 {main}
CRITICAL - 2023-09-21 08:19:02 --> Duplicate entry 'MCC2021-001' for key 'table_students.StudID'
in SYSTEMPATH\Database\BaseConnection.php on line 646.
 1 SYSTEMPATH\Database\BaseBuilder.php(2308): CodeIgniter\Database\BaseConnection->query('INSERT INTO `table_students` (`StudID`, `StudName`, `StudGender`, `StudCourse`, `StudSection`, `StudYear`) VALUES (:StudID:, :StudName:, :StudGender:, :StudCourse:, :StudSection:, :StudYear:)', [...], false)
 2 SYSTEMPATH\Model.php(319): CodeIgniter\Database\BaseBuilder->insert()
 3 SYSTEMPATH\BaseModel.php(788): CodeIgniter\Model->doInsert([...])
 4 SYSTEMPATH\Model.php(715): CodeIgniter\BaseModel->insert([...], true)
 5 APPPATH\Controllers\StudentController.php(61): CodeIgniter\Model->insert([...])
 6 SYSTEMPATH\CodeIgniter.php(919): App\Controllers\StudentController->save()
 7 SYSTEMPATH\CodeIgniter.php(494): CodeIgniter\CodeIgniter->runController(Object(App\Controllers\StudentController))
 8 SYSTEMPATH\CodeIgniter.php(353): CodeIgniter\CodeIgniter->handleRequest(null, Object(Config\Cache), false)
 9 FCPATH\index.php(79): CodeIgniter\CodeIgniter->run()
10 SYSTEMPATH\Commands\Server\rewrite.php(47): require_once('C:\\laragon\\www\\lab1CRUD\\public\\index.php')
