ERROR - 2023-09-20 14:43:50 --> mysqli_sql_exception: Table 'itc.students' doesn't exist in C:\laragon\www\lab1CRUD\vendor\codeigniter4\framework\system\Database\MySQLi\Connection.php:306
Stack trace:
#0 C:\laragon\www\lab1CRUD\vendor\codeigniter4\framework\system\Database\MySQLi\Connection.php(306): mysqli->query('SELECT *\nFROM `...', 0)
#1 C:\laragon\www\lab1CRUD\vendor\codeigniter4\framework\system\Database\BaseConnection.php(692): CodeIgniter\Database\MySQLi\Connection->execute('SELECT *\nFROM `...')
#2 C:\laragon\www\lab1CRUD\vendor\codeigniter4\framework\system\Database\BaseConnection.php(606): CodeIgniter\Database\BaseConnection->simpleQuery('SELECT *\nFROM `...')
#3 C:\laragon\www\lab1CRUD\vendor\codeigniter4\framework\system\Database\BaseBuilder.php(1615): CodeIgniter\Database\BaseConnection->query('SELECT *\nFROM `...', Array, false)
#4 C:\laragon\www\lab1CRUD\vendor\codeigniter4\framework\system\Model.php(237): CodeIgniter\Database\BaseBuilder->get()
#5 C:\laragon\www\lab1CRUD\vendor\codeigniter4\framework\system\BaseModel.php(624): CodeIgniter\Model->doFindAll(0, 0)
#6 C:\laragon\www\lab1CRUD\app\Controllers\StudentController.php(23): CodeIgniter\BaseModel->findAll()
#7 C:\laragon\www\lab1CRUD\vendor\codeigniter4\framework\system\CodeIgniter.php(919): App\Controllers\StudentController->index()
#8 C:\laragon\www\lab1CRUD\vendor\codeigniter4\framework\system\CodeIgniter.php(494): CodeIgniter\CodeIgniter->runController(Object(App\Controllers\StudentController))
#9 C:\laragon\www\lab1CRUD\vendor\codeigniter4\framework\system\CodeIgniter.php(353): CodeIgniter\CodeIgniter->handleRequest(NULL, Object(Config\Cache), false)
#10 C:\laragon\www\lab1CRUD\public\index.php(79): CodeIgniter\CodeIgniter->run()
#11 C:\laragon\www\lab1CRUD\vendor\codeigniter4\framework\system\Commands\Server\rewrite.php(47): require_once('C:\\laragon\\www\\...')
#12 {main}
CRITICAL - 2023-09-20 14:43:50 --> Table 'itc.students' doesn't exist
in SYSTEMPATH\Database\BaseConnection.php on line 646.
 1 SYSTEMPATH\Database\BaseBuilder.php(1615): CodeIgniter\Database\BaseConnection->query('SELECT *
FROM `students`', [], false)
 2 SYSTEMPATH\Model.php(237): CodeIgniter\Database\BaseBuilder->get()
 3 SYSTEMPATH\BaseModel.php(624): CodeIgniter\Model->doFindAll(0, 0)
 4 APPPATH\Controllers\StudentController.php(23): CodeIgniter\BaseModel->findAll()
 5 SYSTEMPATH\CodeIgniter.php(919): App\Controllers\StudentController->index()
 6 SYSTEMPATH\CodeIgniter.php(494): CodeIgniter\CodeIgniter->runController(Object(App\Controllers\StudentController))
 7 SYSTEMPATH\CodeIgniter.php(353): CodeIgniter\CodeIgniter->handleRequest(null, Object(Config\Cache), false)
 8 FCPATH\index.php(79): CodeIgniter\CodeIgniter->run()
 9 SYSTEMPATH\Commands\Server\rewrite.php(47): require_once('C:\\laragon\\www\\lab1CRUD\\public\\index.php')
CRITICAL - 2023-09-20 15:34:20 --> Object of class stdClass could not be converted to string
in APPPATH\Views\index.php on line 48.
 1 SYSTEMPATH\View\View.php(226): include()
 2 SYSTEMPATH\View\View.php(229): CodeIgniter\View\View->CodeIgniter\View\{closure}()
 3 SYSTEMPATH\Common.php(1188): CodeIgniter\View\View->render('index', [], true)
 4 APPPATH\Controllers\StudentController.php(32): view('index', [...])
 5 SYSTEMPATH\CodeIgniter.php(919): App\Controllers\StudentController->index()
 6 SYSTEMPATH\CodeIgniter.php(494): CodeIgniter\CodeIgniter->runController(Object(App\Controllers\StudentController))
 7 SYSTEMPATH\CodeIgniter.php(353): CodeIgniter\CodeIgniter->handleRequest(null, Object(Config\Cache), false)
 8 FCPATH\index.php(79): CodeIgniter\CodeIgniter->run()
 9 SYSTEMPATH\Commands\Server\rewrite.php(47): require_once('C:\\laragon\\www\\lab1CRUD\\public\\index.php')
CRITICAL - 2023-09-20 15:36:30 --> Object of class stdClass could not be converted to string
in APPPATH\Views\index.php on line 48.
 1 SYSTEMPATH\View\View.php(226): include()
 2 SYSTEMPATH\View\View.php(229): CodeIgniter\View\View->CodeIgniter\View\{closure}()
 3 SYSTEMPATH\Common.php(1188): CodeIgniter\View\View->render('index', [], true)
 4 APPPATH\Controllers\StudentController.php(32): view('index', [...])
 5 SYSTEMPATH\CodeIgniter.php(919): App\Controllers\StudentController->index()
 6 SYSTEMPATH\CodeIgniter.php(494): CodeIgniter\CodeIgniter->runController(Object(App\Controllers\StudentController))
 7 SYSTEMPATH\CodeIgniter.php(353): CodeIgniter\CodeIgniter->handleRequest(null, Object(Config\Cache), false)
 8 FCPATH\index.php(79): CodeIgniter\CodeIgniter->run()
 9 SYSTEMPATH\Commands\Server\rewrite.php(47): require_once('C:\\laragon\\www\\lab1CRUD\\public\\index.php')
CRITICAL - 2023-09-20 15:38:19 --> Undefined property: stdClass::$year
in APPPATH\Views\index.php on line 48.
 1 APPPATH\Views\index.php(48): CodeIgniter\Debug\Exceptions->errorHandler(2, 'Undefined property: stdClass::$year', 'C:\\laragon\\www\\lab1CRUD\\app\\Views\\index.php', 48)
 2 SYSTEMPATH\View\View.php(226): include('C:\\laragon\\www\\lab1CRUD\\app\\Views\\index.php')
 3 SYSTEMPATH\View\View.php(229): CodeIgniter\View\View->CodeIgniter\View\{closure}()
 4 SYSTEMPATH\Common.php(1188): CodeIgniter\View\View->render('index', [], true)
 5 APPPATH\Controllers\StudentController.php(32): view('index', [...])
 6 SYSTEMPATH\CodeIgniter.php(919): App\Controllers\StudentController->index()
 7 SYSTEMPATH\CodeIgniter.php(494): CodeIgniter\CodeIgniter->runController(Object(App\Controllers\StudentController))
 8 SYSTEMPATH\CodeIgniter.php(353): CodeIgniter\CodeIgniter->handleRequest(null, Object(Config\Cache), false)
 9 FCPATH\index.php(79): CodeIgniter\CodeIgniter->run()
10 SYSTEMPATH\Commands\Server\rewrite.php(47): require_once('C:\\laragon\\www\\lab1CRUD\\public\\index.php')
CRITICAL - 2023-09-20 15:45:00 --> syntax error, unexpected end of file
in APPPATH\Views\index.php on line 85.
 1 SYSTEMPATH\View\View.php(229): CodeIgniter\View\View->CodeIgniter\View\{closure}()
 2 SYSTEMPATH\Common.php(1188): CodeIgniter\View\View->render('index', [], true)
 3 APPPATH\Controllers\StudentController.php(27): view('index', [...])
 4 SYSTEMPATH\CodeIgniter.php(919): App\Controllers\StudentController->index()
 5 SYSTEMPATH\CodeIgniter.php(494): CodeIgniter\CodeIgniter->runController(Object(App\Controllers\StudentController))
 6 SYSTEMPATH\CodeIgniter.php(353): CodeIgniter\CodeIgniter->handleRequest(null, Object(Config\Cache), false)
 7 FCPATH\index.php(79): CodeIgniter\CodeIgniter->run()
 8 SYSTEMPATH\Commands\Server\rewrite.php(47): require_once('C:\\laragon\\www\\lab1CRUD\\public\\index.php')
CRITICAL - 2023-09-20 16:02:26 --> Attempt to read property "Section" on array
in APPPATH\Views\index.php on line 44.
 1 APPPATH\Views\index.php(44): CodeIgniter\Debug\Exceptions->errorHandler(2, 'Attempt to read property "Section" on array', 'C:\\laragon\\www\\lab1CRUD\\app\\Views\\index.php', 44)
 2 SYSTEMPATH\View\View.php(226): include('C:\\laragon\\www\\lab1CRUD\\app\\Views\\index.php')
 3 SYSTEMPATH\View\View.php(229): CodeIgniter\View\View->CodeIgniter\View\{closure}()
 4 SYSTEMPATH\Common.php(1188): CodeIgniter\View\View->render('index', [], true)
 5 APPPATH\Controllers\StudentController.php(32): view('index', [...])
 6 SYSTEMPATH\CodeIgniter.php(919): App\Controllers\StudentController->index()
 7 SYSTEMPATH\CodeIgniter.php(494): CodeIgniter\CodeIgniter->runController(Object(App\Controllers\StudentController))
 8 SYSTEMPATH\CodeIgniter.php(353): CodeIgniter\CodeIgniter->handleRequest(null, Object(Config\Cache), false)
 9 FCPATH\index.php(79): CodeIgniter\CodeIgniter->run()
10 SYSTEMPATH\Commands\Server\rewrite.php(47): require_once('C:\\laragon\\www\\lab1CRUD\\public\\index.php')
CRITICAL - 2023-09-20 16:44:37 --> syntax error, unexpected identifier "_"
in APPPATH\Controllers\StudentController.php on line 55.
 1 SYSTEMPATH\Autoloader\Autoloader.php(285): CodeIgniter\Autoloader\Autoloader->includeFile('C:\\laragon\\www\\lab1CRUD\\app\\Controllers\\StudentController.php')
 2 SYSTEMPATH\Autoloader\Autoloader.php(263): CodeIgniter\Autoloader\Autoloader->loadInNamespace('App\\Controllers\\StudentController')
 3 [internal function]: CodeIgniter\Autoloader\Autoloader->loadClass('App\\Controllers\\StudentController')
 4 SYSTEMPATH\CodeIgniter.php(877): class_exists('\\App\\Controllers\\StudentController', true)
 5 SYSTEMPATH\CodeIgniter.php(481): CodeIgniter\CodeIgniter->startController()
 6 SYSTEMPATH\CodeIgniter.php(353): CodeIgniter\CodeIgniter->handleRequest(null, Object(Config\Cache), false)
 7 FCPATH\index.php(79): CodeIgniter\CodeIgniter->run()
 8 SYSTEMPATH\Commands\Server\rewrite.php(47): require_once('C:\\laragon\\www\\lab1CRUD\\public\\index.php')
CRITICAL - 2023-09-20 17:36:10 --> Array to string conversion
in APPPATH\Views\index.php on line 47.
 1 APPPATH\Views\index.php(47): CodeIgniter\Debug\Exceptions->errorHandler(2, 'Array to string conversion', 'C:\\laragon\\www\\lab1CRUD\\app\\Views\\index.php', 47)
 2 SYSTEMPATH\View\View.php(226): include('C:\\laragon\\www\\lab1CRUD\\app\\Views\\index.php')
 3 SYSTEMPATH\View\View.php(229): CodeIgniter\View\View->CodeIgniter\View\{closure}()
 4 SYSTEMPATH\Common.php(1188): CodeIgniter\View\View->render('index', [], true)
 5 APPPATH\Controllers\StudentController.php(76): view('index', [...])
 6 SYSTEMPATH\CodeIgniter.php(919): App\Controllers\StudentController->editStudent('22')
 7 SYSTEMPATH\CodeIgniter.php(494): CodeIgniter\CodeIgniter->runController(Object(App\Controllers\StudentController))
 8 SYSTEMPATH\CodeIgniter.php(353): CodeIgniter\CodeIgniter->handleRequest(null, Object(Config\Cache), false)
 9 FCPATH\index.php(79): CodeIgniter\CodeIgniter->run()
10 SYSTEMPATH\Commands\Server\rewrite.php(47): require_once('C:\\laragon\\www\\lab1CRUD\\public\\index.php')
CRITICAL - 2023-09-20 17:36:55 --> Array to string conversion
in APPPATH\Views\index.php on line 47.
 1 APPPATH\Views\index.php(47): CodeIgniter\Debug\Exceptions->errorHandler(2, 'Array to string conversion', 'C:\\laragon\\www\\lab1CRUD\\app\\Views\\index.php', 47)
 2 SYSTEMPATH\View\View.php(226): include('C:\\laragon\\www\\lab1CRUD\\app\\Views\\index.php')
 3 SYSTEMPATH\View\View.php(229): CodeIgniter\View\View->CodeIgniter\View\{closure}()
 4 SYSTEMPATH\Common.php(1188): CodeIgniter\View\View->render('index', [], true)
 5 APPPATH\Controllers\StudentController.php(76): view('index', [...])
 6 SYSTEMPATH\CodeIgniter.php(919): App\Controllers\StudentController->editStudent('22')
 7 SYSTEMPATH\CodeIgniter.php(494): CodeIgniter\CodeIgniter->runController(Object(App\Controllers\StudentController))
 8 SYSTEMPATH\CodeIgniter.php(353): CodeIgniter\CodeIgniter->handleRequest(null, Object(Config\Cache), false)
 9 FCPATH\index.php(79): CodeIgniter\CodeIgniter->run()
10 SYSTEMPATH\Commands\Server\rewrite.php(47): require_once('C:\\laragon\\www\\lab1CRUD\\public\\index.php')
CRITICAL - 2023-09-20 17:38:09 --> Array to string conversion
in APPPATH\Views\index.php on line 47.
 1 APPPATH\Views\index.php(47): CodeIgniter\Debug\Exceptions->errorHandler(2, 'Array to string conversion', 'C:\\laragon\\www\\lab1CRUD\\app\\Views\\index.php', 47)
 2 SYSTEMPATH\View\View.php(226): include('C:\\laragon\\www\\lab1CRUD\\app\\Views\\index.php')
 3 SYSTEMPATH\View\View.php(229): CodeIgniter\View\View->CodeIgniter\View\{closure}()
 4 SYSTEMPATH\Common.php(1188): CodeIgniter\View\View->render('index', [], true)
 5 APPPATH\Controllers\StudentController.php(76): view('index', [...])
 6 SYSTEMPATH\CodeIgniter.php(919): App\Controllers\StudentController->editStudent('22')
 7 SYSTEMPATH\CodeIgniter.php(494): CodeIgniter\CodeIgniter->runController(Object(App\Controllers\StudentController))
 8 SYSTEMPATH\CodeIgniter.php(353): CodeIgniter\CodeIgniter->handleRequest(null, Object(Config\Cache), false)
 9 FCPATH\index.php(79): CodeIgniter\CodeIgniter->run()
10 SYSTEMPATH\Commands\Server\rewrite.php(47): require_once('C:\\laragon\\www\\lab1CRUD\\public\\index.php')
CRITICAL - 2023-09-20 17:44:08 --> Undefined array key "Section"
in APPPATH\Views\index.php on line 55.
 1 APPPATH\Views\index.php(55): CodeIgniter\Debug\Exceptions->errorHandler(2, 'Undefined array key "Section"', 'C:\\laragon\\www\\lab1CRUD\\app\\Views\\index.php', 55)
 2 SYSTEMPATH\View\View.php(226): include('C:\\laragon\\www\\lab1CRUD\\app\\Views\\index.php')
 3 SYSTEMPATH\View\View.php(229): CodeIgniter\View\View->CodeIgniter\View\{closure}()
 4 SYSTEMPATH\Common.php(1188): CodeIgniter\View\View->render('index', [], true)
 5 APPPATH\Controllers\StudentController.php(76): view('index', [...])
 6 SYSTEMPATH\CodeIgniter.php(919): App\Controllers\StudentController->editStudent('22')
 7 SYSTEMPATH\CodeIgniter.php(494): CodeIgniter\CodeIgniter->runController(Object(App\Controllers\StudentController))
 8 SYSTEMPATH\CodeIgniter.php(353): CodeIgniter\CodeIgniter->handleRequest(null, Object(Config\Cache), false)
 9 FCPATH\index.php(79): CodeIgniter\CodeIgniter->run()
10 SYSTEMPATH\Commands\Server\rewrite.php(47): require_once('C:\\laragon\\www\\lab1CRUD\\public\\index.php')
CRITICAL - 2023-09-20 17:49:11 --> Undefined variable $studentToEdit
in APPPATH\Views\index.php on line 30.
 1 APPPATH\Views\index.php(30): CodeIgniter\Debug\Exceptions->errorHandler(2, 'Undefined variable $studentToEdit', 'C:\\laragon\\www\\lab1CRUD\\app\\Views\\index.php', 30)
 2 SYSTEMPATH\View\View.php(226): include('C:\\laragon\\www\\lab1CRUD\\app\\Views\\index.php')
 3 SYSTEMPATH\View\View.php(229): CodeIgniter\View\View->CodeIgniter\View\{closure}()
 4 SYSTEMPATH\Common.php(1188): CodeIgniter\View\View->render('index', [], true)
 5 APPPATH\Controllers\StudentController.php(40): view('index', [...])
 6 SYSTEMPATH\CodeIgniter.php(919): App\Controllers\StudentController->studentPage()
 7 SYSTEMPATH\CodeIgniter.php(494): CodeIgniter\CodeIgniter->runController(Object(App\Controllers\StudentController))
 8 SYSTEMPATH\CodeIgniter.php(353): CodeIgniter\CodeIgniter->handleRequest(null, Object(Config\Cache), false)
 9 FCPATH\index.php(79): CodeIgniter\CodeIgniter->run()
10 SYSTEMPATH\Commands\Server\rewrite.php(47): require_once('C:\\laragon\\www\\lab1CRUD\\public\\index.php')
CRITICAL - 2023-09-20 17:50:21 --> Undefined variable $studentToEdit
in APPPATH\Views\index.php on line 48.
 1 APPPATH\Views\index.php(48): CodeIgniter\Debug\Exceptions->errorHandler(2, 'Undefined variable $studentToEdit', 'C:\\laragon\\www\\lab1CRUD\\app\\Views\\index.php', 48)
 2 SYSTEMPATH\View\View.php(226): include('C:\\laragon\\www\\lab1CRUD\\app\\Views\\index.php')
 3 SYSTEMPATH\View\View.php(229): CodeIgniter\View\View->CodeIgniter\View\{closure}()
 4 SYSTEMPATH\Common.php(1188): CodeIgniter\View\View->render('index', [], true)
 5 APPPATH\Controllers\StudentController.php(40): view('index', [...])
 6 SYSTEMPATH\CodeIgniter.php(919): App\Controllers\StudentController->studentPage()
 7 SYSTEMPATH\CodeIgniter.php(494): CodeIgniter\CodeIgniter->runController(Object(App\Controllers\StudentController))
 8 SYSTEMPATH\CodeIgniter.php(353): CodeIgniter\CodeIgniter->handleRequest(null, Object(Config\Cache), false)
 9 FCPATH\index.php(79): CodeIgniter\CodeIgniter->run()
10 SYSTEMPATH\Commands\Server\rewrite.php(47): require_once('C:\\laragon\\www\\lab1CRUD\\public\\index.php')
CRITICAL - 2023-09-20 17:50:45 --> Undefined variable $studentToEdit
in APPPATH\Views\index.php on line 48.
 1 APPPATH\Views\index.php(48): CodeIgniter\Debug\Exceptions->errorHandler(2, 'Undefined variable $studentToEdit', 'C:\\laragon\\www\\lab1CRUD\\app\\Views\\index.php', 48)
 2 SYSTEMPATH\View\View.php(226): include('C:\\laragon\\www\\lab1CRUD\\app\\Views\\index.php')
 3 SYSTEMPATH\View\View.php(229): CodeIgniter\View\View->CodeIgniter\View\{closure}()
 4 SYSTEMPATH\Common.php(1188): CodeIgniter\View\View->render('index', [], true)
 5 APPPATH\Controllers\StudentController.php(40): view('index', [...])
 6 SYSTEMPATH\CodeIgniter.php(919): App\Controllers\StudentController->studentPage()
 7 SYSTEMPATH\CodeIgniter.php(494): CodeIgniter\CodeIgniter->runController(Object(App\Controllers\StudentController))
 8 SYSTEMPATH\CodeIgniter.php(353): CodeIgniter\CodeIgniter->handleRequest(null, Object(Config\Cache), false)
 9 FCPATH\index.php(79): CodeIgniter\CodeIgniter->run()
10 SYSTEMPATH\Commands\Server\rewrite.php(47): require_once('C:\\laragon\\www\\lab1CRUD\\public\\index.php')
CRITICAL - 2023-09-20 17:51:02 --> Undefined variable $studentToEdit
in APPPATH\Views\index.php on line 48.
 1 APPPATH\Views\index.php(48): CodeIgniter\Debug\Exceptions->errorHandler(2, 'Undefined variable $studentToEdit', 'C:\\laragon\\www\\lab1CRUD\\app\\Views\\index.php', 48)
 2 SYSTEMPATH\View\View.php(226): include('C:\\laragon\\www\\lab1CRUD\\app\\Views\\index.php')
 3 SYSTEMPATH\View\View.php(229): CodeIgniter\View\View->CodeIgniter\View\{closure}()
 4 SYSTEMPATH\Common.php(1188): CodeIgniter\View\View->render('index', [], true)
 5 APPPATH\Controllers\StudentController.php(40): view('index', [...])
 6 SYSTEMPATH\CodeIgniter.php(919): App\Controllers\StudentController->studentPage()
 7 SYSTEMPATH\CodeIgniter.php(494): CodeIgniter\CodeIgniter->runController(Object(App\Controllers\StudentController))
 8 SYSTEMPATH\CodeIgniter.php(353): CodeIgniter\CodeIgniter->handleRequest(null, Object(Config\Cache), false)
 9 FCPATH\index.php(79): CodeIgniter\CodeIgniter->run()
10 SYSTEMPATH\Commands\Server\rewrite.php(47): require_once('C:\\laragon\\www\\lab1CRUD\\public\\index.php')
